<?xml version="1.0" encoding="UTF-8"?>
<testsuite xmlns:xsi="http://www.w3.org/2001/XMLSchema-instance" xsi:noNamespaceSchemaLocation="https://maven.apache.org/surefire/maven-surefire-plugin/xsd/surefire-test-report-3.0.xsd" version="3.0" name="com.javadsa.dsa.DsaApplicationTests" time="3.402" tests="1" errors="0" skipped="0" failures="0">
  <properties>
[...]
</properties>
  <testcase name="contextLoads" classname="com.javadsa.dsa.DsaApplicationTests" time="1.303">
    <system-out><![CDATA[17:00:35.750 [main] INFO org.springframework.test.context.support.AnnotationConfigContextLoaderUtils -- Could not detect default configuration classes for test class [com.javadsa.dsa.DsaApplicationTests]: DsaApplicationTests does not declare any static, non-private, non-final, nested classes annotated with @Configuration.
17:00:35.949 [main] INFO org.springframework.boot.test.context.SpringBootTestContextBootstrapper -- Found @SpringBootConfiguration com.javadsa.dsa.DsaApplication for test class com.javadsa.dsa.DsaApplicationTests

  .   ____          _            __ _ _
 /\\ / ___'_ __ _ _(_)_ __  __ _ \ \ \ \
( ( )\___ | '_ | '_| | '_ \/ _` | \ \ \ \
 \\/  ___)| |_)| | | | | || (_| |  ) ) ) )
  '  |____| .__|_| |_|_| |_\__, | / / / /
 =========|_|==============|___/=/_/_/_/

 :: Spring Boot ::                (v3.3.2)

2024-08-07T17:00:36.636+05:30  INFO 2066 --- [dsa] [           main] com.javadsa.dsa.DsaApplicationTests      : Starting DsaApplicationTests using Java 17.0.7 with PID 2066 (started by shashi in /Users/shashi/Downloads/dsa 2)
2024-08-07T17:00:36.639+05:30  INFO 2066 --- [dsa] [           main] com.javadsa.dsa.DsaApplicationTests      : No active profile set, falling back to 1 default profile: "default"
2024-08-07T17:00:37.467+05:30  INFO 2066 --- [dsa] [           main] com.javadsa.dsa.DsaApplicationTests      : Started DsaApplicationTests in 1.27 seconds (process running for 3.338)
]]></system-out>
  </testcase>
</testsuite>